[2025-09-16 03:23:52] [profile-2] Using task directory: /Users/mac/Desktop/Worker/Worker/storage/local/2/local
[2025-09-16 03:23:52] [profile-2] Original script (first 200 chars):
[2025-09-16 03:23:52] [profile-2] import puppeteer from "puppeteer";
import * as act from "#act";
await page.goto("https://tinhte.vn/");
  console.log("Page title:", await page.title());
  await act.click(page, "//*[@id=\"__next\"]/di
[2025-09-16 03:23:52] [profile-2] Script imports converted to require statements
[2025-09-16 03:23:52] Pre-loading ES6 modules...
[2025-09-16 03:23:53] ES6 modules loading completed
[2025-09-16 03:23:53] [profile-2] Copied automation helpers to profile directory
[2025-09-16 03:23:53] [profile-2] Processed Script:....
[2025-09-16 03:23:53] [profile-2] try { config = JSON.parse(config); } catch (e) { }
const puppeteer = require("puppeteer");
const act = require("#act");
await page.goto("https://tinhte.vn/");
  console.log("Page title:", await page.title());
  await act.click(page, "//*[@id=\"__next\"]/div[1]/div[1]/div[2]/div/div/div[1]/div[1]/ol/li[1]/div[2]/article/div/h4/a", 0);
  // Extract text content from element
  const extractedData = await act.getText(page, "//*[@id=\"__next\"]/div[1]/div/div[2]/div[2]/div[1]/div/div/div[1]/main/article/div/div/div[1]/div[1]/span[1]");
  console.log("Extracted text into 'extractedData':", extractedData);
  // Assign variable from extractedData to processedData
  const processedData = extractedData;
  console.log("Assigned 'processedData':", processedData);
  // AI Assistant (social_commenter) - Using Roxane API
  const aiResponse = await (async () => {
    const axios = (await import('axios')).default;
    // Using input from variable: processedData
    const userPrompt = `Create a thoughtful, engaging comment for this social media post: ${processedData}`;
  
    const requestConfig = {
      method: 'POST',
      url: 'https://llmapi.roxane.one/v1/chat/completions',
      headers: {
        'Content-Type': 'application/json',
        'Authorization': 'Bearer linh-1752464641053-phonefarm'
      },
      data: {
        model: 'text-model',
        messages: [
          { role: 'system', content: "You are a social media user creating engaging, thoughtful comments. Be natural, friendly, and authentic. Create comments that add value to the conversation." },
          { role: 'user', content: userPrompt }
        ],
        temperature: 0.7,
        max_tokens: 500
      }
    };
  
    try {
      console.log('Calling Roxane AI (social_commenter mode)...');
      const response = await axios(requestConfig);
      const aiText = response.data.choices[0].message.content;
      console.log('AI Response:', aiText);
      return aiText;
    } catch (error) {
      console.error('Roxane AI Request failed:', error.message);
      if (error.response) {
        console.error('Error details:', error.response.data);
      }
      throw error;
    }
  })();
  console.log('AI response stored in: aiResponse');
  console.log("aiResponse:", aiResponse);

[2025-09-16 03:23:53] Executing automation script
[2025-09-16 03:23:53] [profile-2] Script requesting module: puppeteer
[2025-09-16 03:23:53] [profile-2] Script requesting module: #act
[2025-09-16 03:23:53] [profile-2] Returning pre-loaded #act module, keys: ["checkElement","click","demo","elementExists","getAttribute","getAttributes","getElement","getElements","getText","pause","scrollToEndOfPage","scrollToHomeOfPage","type","waitForTrueElement"]
[2025-09-16 03:24:11] [profile-2] Page title: Tinhte.vn - MXH Hỏi đáp, Review, Thông tin công nghệ
[2025-09-16 03:24:11] [profile-2] Click: //*[@id="__next"]/div[1]/div[1]/div[2]/div/div/div[1]/div[1]/ol/li[1]/div[2]/article/div/h4/a
[2025-09-16 03:24:11] [profile-2] 📝 Get Text: "//*[@id="__next"]/div[1]/div/div[2]/div[2]/div[1]/div/div/div[1]/main/article/div/div/div[1]/div[1]/span[1]"
[2025-09-16 03:24:11] Script execution error: Execution context was destroyed, most likely because of a navigation.
[2025-09-16 03:24:11] Error stack: Error: Execution context was destroyed, most likely because of a navigation.
    at rewriteError (/Users/mac/Desktop/Worker/Worker/node_modules/puppeteer-core/src/cdp/ExecutionContext.ts:538:11)
    at async ExecutionContext.#evaluate (/Users/mac/Desktop/Worker/Worker/node_modules/puppeteer-core/src/cdp/ExecutionContext.ts:450:7)
    at async ExecutionContext.evaluateHandle (/Users/mac/Desktop/Worker/Worker/node_modules/puppeteer-core/src/cdp/ExecutionContext.ts:350:12)
    at async IsolatedWorld.evaluateHandle (/Users/mac/Desktop/Worker/Worker/node_modules/puppeteer-core/src/cdp/IsolatedWorld.ts:175:12)
    at async CdpJSHandle.evaluateHandle (/Users/mac/Desktop/Worker/Worker/node_modules/puppeteer-core/src/api/JSHandle.ts:94:12)
    at async transposeIterableHandle (/Users/mac/Desktop/Worker/Worker/node_modules/puppeteer-core/src/common/HandleIterator.ts:70:27)
    at async XPathQueryHandler.queryAll (/Users/mac/Desktop/Worker/Worker/node_modules/puppeteer-core/src/common/QueryHandler.ts:116:5)
    at async AsyncIterableUtil.collect (/Users/mac/Desktop/Worker/Worker/node_modules/puppeteer-core/src/util/AsyncIterableUtil.ts:32:22)
    at async CdpElementHandle.#$$impl (/Users/mac/Desktop/Worker/Worker/node_modules/puppeteer-core/src/api/ElementHandle.ts:448:12)
    at async CdpElementHandle.#$$ (/Users/mac/Desktop/Worker/Worker/node_modules/puppeteer-core/src/api/ElementHandle.ts:435:12)
[2025-09-16 03:24:11] [profile-2] Error: Execution context was destroyed, most likely because of a navigation.
    at rewriteError (/Users/mac/Desktop/Worker/Worker/node_modules/puppeteer-core/src/cdp/ExecutionContext.ts:538:11)
    at async ExecutionContext.#evaluate (/Users/mac/Desktop/Worker/Worker/node_modules/puppeteer-core/src/cdp/ExecutionContext.ts:450:7)
    at async ExecutionContext.evaluateHandle (/Users/mac/Desktop/Worker/Worker/node_modules/puppeteer-core/src/cdp/ExecutionContext.ts:350:12)
    at async IsolatedWorld.evaluateHandle (/Users/mac/Desktop/Worker/Worker/node_modules/puppeteer-core/src/cdp/IsolatedWorld.ts:175:12)
    at async CdpJSHandle.evaluateHandle (/Users/mac/Desktop/Worker/Worker/node_modules/puppeteer-core/src/api/JSHandle.ts:94:12)
    at async transposeIterableHandle (/Users/mac/Desktop/Worker/Worker/node_modules/puppeteer-core/src/common/HandleIterator.ts:70:27)
    at async XPathQueryHandler.queryAll (/Users/mac/Desktop/Worker/Worker/node_modules/puppeteer-core/src/common/QueryHandler.ts:116:5)
    at async AsyncIterableUtil.collect (/Users/mac/Desktop/Worker/Worker/node_modules/puppeteer-core/src/util/AsyncIterableUtil.ts:32:22)
    at async CdpElementHandle.#$$impl (/Users/mac/Desktop/Worker/Worker/node_modules/puppeteer-core/src/api/ElementHandle.ts:448:12)
    at async CdpElementHandle.#$$ (/Users/mac/Desktop/Worker/Worker/node_modules/puppeteer-core/src/api/ElementHandle.ts:435:12)
[2025-09-16 03:24:13] [profile-2] [profile-2] Error screenshot saved to /Users/mac/Desktop/Worker/Worker/storage/local/2/local/output/error_2025-09-16_10-24-11.png
[2025-09-16 03:24:29] [profile-2] Using task directory: /Users/mac/Desktop/Worker/Worker/storage/local/2/local
[2025-09-16 03:24:29] [profile-2] import puppeteer from "puppeteer";
import * as act from "#act";
await page.goto("https://tinhte.vn/");
  console.log("Page title:", await page.title());
  await act.click(page, "//*[@id=\"__next\"]/di
[2025-09-16 03:24:29] [profile-2] Original script (first 200 chars):
[2025-09-16 03:24:29] [profile-2] Script imports converted to require statements
[2025-09-16 03:24:29] Pre-loading ES6 modules...
[2025-09-16 03:24:30] ES6 modules loading completed
[2025-09-16 03:24:30] [profile-2] Processed Script:....
[2025-09-16 03:24:30] [profile-2] try { config = JSON.parse(config); } catch (e) { }
const puppeteer = require("puppeteer");
const act = require("#act");
await page.goto("https://tinhte.vn/");
  console.log("Page title:", await page.title());
  await act.click(page, "//*[@id=\"__next\"]/div[1]/div[1]/div[2]/div/div/div[1]/div[1]/ol/li[1]/div[2]/article/div/h4/a", 0);
  // Extract text content from element
  const extractedData = await act.getText(page, "//*[@id=\"__next\"]/div[1]/div/div[2]/div[2]/div[1]/div/div/div[1]/main/article/div/div/div[1]/div[1]/span[1]");
  console.log("Extracted text into 'extractedData':", extractedData);
  // Assign variable from extractedData to processedData
  const processedData = extractedData;
  console.log("Assigned 'processedData':", processedData);
  // AI Assistant (social_commenter) - Using Roxane API
  const aiResponse = await (async () => {
    const axios = (await import('axios')).default;
    // Using input from variable: processedData
    const userPrompt = `Create a thoughtful, engaging comment for this social media post: ${processedData}`;
  
    const requestConfig = {
      method: 'POST',
      url: 'https://llmapi.roxane.one/v1/chat/completions',
      headers: {
        'Content-Type': 'application/json',
        'Authorization': 'Bearer linh-1752464641053-phonefarm'
      },
      data: {
        model: 'text-model',
        messages: [
          { role: 'system', content: "You are a social media user creating engaging, thoughtful comments. Be natural, friendly, and authentic. Create comments that add value to the conversation." },
          { role: 'user', content: userPrompt }
        ],
        temperature: 0.7,
        max_tokens: 500
      }
    };
  
    try {
      console.log('Calling Roxane AI (social_commenter mode)...');
      const response = await axios(requestConfig);
      const aiText = response.data.choices[0].message.content;
      console.log('AI Response:', aiText);
      return aiText;
    } catch (error) {
      console.error('Roxane AI Request failed:', error.message);
      if (error.response) {
        console.error('Error details:', error.response.data);
      }
      throw error;
    }
  })();
  console.log('AI response stored in: aiResponse');
  console.log("aiResponse:", aiResponse);

[2025-09-16 03:24:30] Executing automation script
[2025-09-16 03:24:30] [profile-2] Script requesting module: puppeteer
[2025-09-16 03:24:30] [profile-2] Script requesting module: #act
[2025-09-16 03:24:30] [profile-2] Returning pre-loaded #act module, keys: ["checkElement","click","demo","elementExists","getAttribute","getAttributes","getElement","getElements","getText","pause","scrollToEndOfPage","scrollToHomeOfPage","type","waitForTrueElement"]
[2025-09-16 03:24:36] [profile-2] Page title: Tinhte.vn - MXH Hỏi đáp, Review, Thông tin công nghệ
[2025-09-16 03:24:36] [profile-2] Click: //*[@id="__next"]/div[1]/div[1]/div[2]/div/div/div[1]/div[1]/ol/li[1]/div[2]/article/div/h4/a
[2025-09-16 03:24:36] [profile-2] 📝 Get Text: "//*[@id="__next"]/div[1]/div/div[2]/div[2]/div[1]/div/div/div[1]/main/article/div/div/div[1]/div[1]/span[1]"
[2025-09-16 03:24:37] Script execution error: Execution context was destroyed, most likely because of a navigation.
[2025-09-16 03:24:37] Error stack: Error: Execution context was destroyed, most likely because of a navigation.
    at rewriteError (/Users/mac/Desktop/Worker/Worker/node_modules/puppeteer-core/src/cdp/ExecutionContext.ts:538:11)
    at async ExecutionContext.#evaluate (/Users/mac/Desktop/Worker/Worker/node_modules/puppeteer-core/src/cdp/ExecutionContext.ts:450:7)
    at async ExecutionContext.evaluateHandle (/Users/mac/Desktop/Worker/Worker/node_modules/puppeteer-core/src/cdp/ExecutionContext.ts:350:12)
    at async IsolatedWorld.evaluateHandle (/Users/mac/Desktop/Worker/Worker/node_modules/puppeteer-core/src/cdp/IsolatedWorld.ts:175:12)
    at async CdpJSHandle.evaluateHandle (/Users/mac/Desktop/Worker/Worker/node_modules/puppeteer-core/src/api/JSHandle.ts:94:12)
    at async transposeIterableHandle (/Users/mac/Desktop/Worker/Worker/node_modules/puppeteer-core/src/common/HandleIterator.ts:70:27)
    at async XPathQueryHandler.queryAll (/Users/mac/Desktop/Worker/Worker/node_modules/puppeteer-core/src/common/QueryHandler.ts:116:5)
    at async AsyncIterableUtil.collect (/Users/mac/Desktop/Worker/Worker/node_modules/puppeteer-core/src/util/AsyncIterableUtil.ts:32:22)
    at async CdpElementHandle.#$$impl (/Users/mac/Desktop/Worker/Worker/node_modules/puppeteer-core/src/api/ElementHandle.ts:448:12)
    at async CdpElementHandle.#$$ (/Users/mac/Desktop/Worker/Worker/node_modules/puppeteer-core/src/api/ElementHandle.ts:435:12)
[2025-09-16 03:24:37] [profile-2] Error: Execution context was destroyed, most likely because of a navigation.
    at rewriteError (/Users/mac/Desktop/Worker/Worker/node_modules/puppeteer-core/src/cdp/ExecutionContext.ts:538:11)
    at async ExecutionContext.#evaluate (/Users/mac/Desktop/Worker/Worker/node_modules/puppeteer-core/src/cdp/ExecutionContext.ts:450:7)
    at async ExecutionContext.evaluateHandle (/Users/mac/Desktop/Worker/Worker/node_modules/puppeteer-core/src/cdp/ExecutionContext.ts:350:12)
    at async IsolatedWorld.evaluateHandle (/Users/mac/Desktop/Worker/Worker/node_modules/puppeteer-core/src/cdp/IsolatedWorld.ts:175:12)
    at async CdpJSHandle.evaluateHandle (/Users/mac/Desktop/Worker/Worker/node_modules/puppeteer-core/src/api/JSHandle.ts:94:12)
    at async transposeIterableHandle (/Users/mac/Desktop/Worker/Worker/node_modules/puppeteer-core/src/common/HandleIterator.ts:70:27)
    at async XPathQueryHandler.queryAll (/Users/mac/Desktop/Worker/Worker/node_modules/puppeteer-core/src/common/QueryHandler.ts:116:5)
    at async AsyncIterableUtil.collect (/Users/mac/Desktop/Worker/Worker/node_modules/puppeteer-core/src/util/AsyncIterableUtil.ts:32:22)
    at async CdpElementHandle.#$$impl (/Users/mac/Desktop/Worker/Worker/node_modules/puppeteer-core/src/api/ElementHandle.ts:448:12)
    at async CdpElementHandle.#$$ (/Users/mac/Desktop/Worker/Worker/node_modules/puppeteer-core/src/api/ElementHandle.ts:435:12)
[2025-09-16 03:24:38] [profile-2] [profile-2] Error screenshot saved to /Users/mac/Desktop/Worker/Worker/storage/local/2/local/output/error_2025-09-16_10-24-37.png
[2025-09-16 03:31:06] [profile-2] Using task directory: /Users/mac/Desktop/Worker/Worker/storage/local/2/local
[2025-09-16 03:31:06] [profile-2] Original script (first 200 chars):
[2025-09-16 03:31:06] [profile-2] import puppeteer from "puppeteer";
import * as act from "#act";
await page.goto("https://tinhte.vn/");
  console.log("Page title:", await page.title());
  await act.click(page, "//*[@id=\"__next\"]/di
[2025-09-16 03:31:06] [profile-2] Script imports converted to require statements
[2025-09-16 03:31:06] Pre-loading ES6 modules...
[2025-09-16 03:31:07] ES6 modules loading completed
[2025-09-16 03:31:07] [profile-2] Processed Script:....
[2025-09-16 03:31:07] [profile-2] try { config = JSON.parse(config); } catch (e) { }
const puppeteer = require("puppeteer");
const act = require("#act");
await page.goto("https://tinhte.vn/");
  console.log("Page title:", await page.title());
  await act.click(page, "//*[@id=\"__next\"]/div[1]/div[1]/div[2]/div/div/div[1]/div[1]/ol/li[1]/div[2]/article/div/h4/a", 0);
  // Extract text content from element
  const extractedData = await act.getText(page, "//*[@id=\"__next\"]/div[1]/div/div[2]/div[2]/div[1]/div/div/div[1]/main/article/div/div/div[1]/div[1]/span[1]");
  console.log("Extracted text into 'extractedData':", extractedData);
  // Assign variable from extractedData to processedData
  const processedData = extractedData;
  console.log("Assigned 'processedData':", processedData);
  // AI Assistant (social_commenter) - Using Roxane API
  const aiResponse = await (async () => {
    const axios = (await import('axios')).default;
    // Using input from variable: processedData
    const userPrompt = `Create a thoughtful, engaging comment for this social media post: ${processedData}`;
  
    const requestConfig = {
      method: 'POST',
      url: 'https://llmapi.roxane.one/v1/chat/completions',
      headers: {
        'Content-Type': 'application/json',
        'Authorization': 'Bearer linh-1752464641053-phonefarm'
      },
      data: {
        model: 'text-model',
        messages: [
          { role: 'system', content: "You are a social media user creating engaging, thoughtful comments. Be natural, friendly, and authentic. Create comments that add value to the conversation." },
          { role: 'user', content: userPrompt }
        ],
        temperature: 0.7,
        max_tokens: 500
      }
    };
  
    try {
      console.log('Calling Roxane AI (social_commenter mode)...');
      const response = await axios(requestConfig);
      const aiText = response.data.choices[0].message.content;
      console.log('AI Response:', aiText);
      return aiText;
    } catch (error) {
      console.error('Roxane AI Request failed:', error.message);
      if (error.response) {
        console.error('Error details:', error.response.data);
      }
      throw error;
    }
  })();
  console.log('AI response stored in: aiResponse');
  console.log("aiResponse:", aiResponse);

[2025-09-16 03:31:07] Executing automation script
[2025-09-16 03:31:07] [profile-2] Script requesting module: #act
[2025-09-16 03:31:07] [profile-2] Script requesting module: puppeteer
[2025-09-16 03:31:07] [profile-2] Returning pre-loaded #act module, keys: ["checkElement","click","demo","elementExists","getAttribute","getAttributes","getElement","getElements","getText","getValue","pause","scrollToElement","scrollToEndOfPage","scrollToHomeOfPage","select","type","waitForElement","waitForNavigation","waitForTrueElement"]
[2025-09-16 03:31:13] [profile-2] Page title: Tinhte.vn - MXH Hỏi đáp, Review, Thông tin công nghệ
[2025-09-16 03:31:13] [profile-2] Click: //*[@id="__next"]/div[1]/div[1]/div[2]/div/div/div[1]/div[1]/ol/li[1]/div[2]/article/div/h4/a
[2025-09-16 03:31:13] [profile-2] Pause in 500 milliseconds...
[2025-09-16 03:31:14] [profile-2] ✅ Clicked element: //*[@id="__next"]/div[1]/div[1]/div[2]/div/div/div[1]/div[1]/ol/li[1]/div[2]/article/div/h4/a
[2025-09-16 03:31:14] [profile-2] 📝 Get Text: "//*[@id="__next"]/div[1]/div/div[2]/div[2]/div[1]/div/div/div[1]/main/article/div/div/div[1]/div[1]/span[1]" (attempt 1/3)
[2025-09-16 03:31:20] [profile-2] ✅ Extracted text: "Năm 1994, Tissot ra mắt Ballade. Thiết kế mang tính cổ điển kết hợp với những đường nét cách tân phù..."
[2025-09-16 03:31:20] [profile-2] Extracted text into 'extractedData': Năm 1994, Tissot ra mắt Ballade. Thiết kế mang tính cổ điển kết hợp với những đường nét cách tân phù hợp với thời đại lúc bấy giờ. Hai phiên bản dành cho cả nam lẫn nữ kết hợp hai tông màu thép và vàng, với viền bezel khía rãnh cùng cọc số nổi bật hẳn so với mặt số đơn giản, dễ xem giờ.
[2025-09-16 03:31:20] [profile-2] Assigned 'processedData': Năm 1994, Tissot ra mắt Ballade. Thiết kế mang tính cổ điển kết hợp với những đường nét cách tân phù hợp với thời đại lúc bấy giờ. Hai phiên bản dành cho cả nam lẫn nữ kết hợp hai tông màu thép và vàng, với viền bezel khía rãnh cùng cọc số nổi bật hẳn so với mặt số đơn giản, dễ xem giờ.
[2025-09-16 03:31:20] [profile-2] Calling Roxane AI (social_commenter mode)...
[2025-09-16 03:31:38] [profile-2] AI Response: Okay, here are a few comment options, ranging in tone and length, aiming for thoughtful and engaging. I've included explanations *after* each option to explain my thinking. Choose whichever feels most authentic to your "social media user" persona!

**Option 1 (Slightly longer, appreciative & curious):**

"Wow, fascinating history! I love how Tissot managed to blend classic elegance with a modern touch in the Ballade. That two-tone steel and gold combination is *always* a winner, and the raised indices really do make it so easy to read at a glance. I'm curious - do you know if they're still producing versions very close to the original 1994 design? It would be amazing to see how the line has evolved!"

**Explanation:**

*   **"Wow, fascinating history!"**: Starts with genuine enthusiasm.
*   **Acknowledges key details:** Shows you actually read the post and appreciate the design elements mentioned (two-tone, raised indices).
*   **Positive language:** Uses words like "elegant" and "amazing."
*   **Asks a question:** This encourages a response and keeps the conversation going.  The question is specific, showing you're genuinely interested.
*   **Friendly tone:** The overall feel is appreciative and curious.

**Option 2 (More concise, focused on the design):**

"Such a beautiful design! The Ballade really nailed that timeless aesthetic. That two-tone combination is just *chef's kiss* 👌. It's amazing how something from '94 can still look so relevant today."

**Explanation:**

*   **Direct compliment:** "Such a beautiful design!" is clear and positive.
*   **Highlights timelessness:**  Acknowledges that the design has aged well.
*   **Uses an emoji:**  The "chef's kiss" emoji adds a touch of personality and reinforces the compliment in a lighthearted way.
*   **Short & Sweet:** This is good if you want to be concise but still positive.

**Option 3 (Slightly more technical/appreciative of the details, if your persona is more into watches):**

"That's a great look back! The Ballade was a really interesting point in Tissot's design language. I appreciate how they managed to maintain a dressy feel while incorporating those
[2025-09-16 03:31:38] [profile-2] AI response stored in: aiResponse
[2025-09-16 03:31:38] [profile-2] aiResponse: Okay, here are a few comment options, ranging in tone and length, aiming for thoughtful and engaging. I've included explanations *after* each option to explain my thinking. Choose whichever feels most authentic to your "social media user" persona!

**Option 1 (Slightly longer, appreciative & curious):**

"Wow, fascinating history! I love how Tissot managed to blend classic elegance with a modern touch in the Ballade. That two-tone steel and gold combination is *always* a winner, and the raised indices really do make it so easy to read at a glance. I'm curious - do you know if they're still producing versions very close to the original 1994 design? It would be amazing to see how the line has evolved!"

**Explanation:**

*   **"Wow, fascinating history!"**: Starts with genuine enthusiasm.
*   **Acknowledges key details:** Shows you actually read the post and appreciate the design elements mentioned (two-tone, raised indices).
*   **Positive language:** Uses words like "elegant" and "amazing."
*   **Asks a question:** This encourages a response and keeps the conversation going.  The question is specific, showing you're genuinely interested.
*   **Friendly tone:** The overall feel is appreciative and curious.

**Option 2 (More concise, focused on the design):**

"Such a beautiful design! The Ballade really nailed that timeless aesthetic. That two-tone combination is just *chef's kiss* 👌. It's amazing how something from '94 can still look so relevant today."

**Explanation:**

*   **Direct compliment:** "Such a beautiful design!" is clear and positive.
*   **Highlights timelessness:**  Acknowledges that the design has aged well.
*   **Uses an emoji:**  The "chef's kiss" emoji adds a touch of personality and reinforces the compliment in a lighthearted way.
*   **Short & Sweet:** This is good if you want to be concise but still positive.

**Option 3 (Slightly more technical/appreciative of the details, if your persona is more into watches):**

"That's a great look back! The Ballade was a really interesting point in Tissot's design language. I appreciate how they managed to maintain a dressy feel while incorporating those
[2025-09-16 03:31:38] Script execution completed successfully
[2025-09-16 03:39:36] [profile-2] Using task directory: /Users/mac/Desktop/Worker/Worker/storage/local/2/local
[2025-09-16 03:39:36] [profile-2] Original script (first 200 chars):
[2025-09-16 03:39:36] [profile-2] import puppeteer from "puppeteer";
import * as act from "#act";
await page.goto("https://tinhte.vn/");
  console.log("Page title:", await page.title());
  await act.click(page, "//*[@id=\"__next\"]/di
[2025-09-16 03:39:36] [profile-2] Script imports converted to require statements
[2025-09-16 03:39:36] Pre-loading ES6 modules...
[2025-09-16 03:39:37] ES6 modules loading completed
[2025-09-16 03:39:37] [profile-2] Processed Script:....
[2025-09-16 03:39:37] [profile-2] try { config = JSON.parse(config); } catch (e) { }
const puppeteer = require("puppeteer");
const act = require("#act");
await page.goto("https://tinhte.vn/");
  console.log("Page title:", await page.title());
  await act.click(page, "//*[@id=\"__next\"]/div[1]/div[1]/div[2]/div/div/div[1]/div[1]/ol/li[1]/div[2]/article/div/h4/a", 0);
  // Extract text content from element
  const extractedData = await act.getText(page, "//*[@id=\"__next\"]/div[1]/div/div[2]/div[2]/div[1]/div/div/div[1]/main/article/div/div/div[1]/div[1]/span[1]");
  console.log("Extracted text into 'extractedData':", extractedData);
  // Assign variable from extractedData to processedData
  const processedData = extractedData;
  console.log("Assigned 'processedData':", processedData);
  // AI Assistant (social_commenter) - Using Roxane API
  const aiResponse = await (async () => {
    const axios = (await import('axios')).default;
    // Using input from variable: processedData
    const userPrompt = `Comment on this: ${processedData}`;
  
    const requestConfig = {
      method: 'POST',
      url: 'https://llmapi.roxane.one/v1/chat/completions',
      headers: {
        'Content-Type': 'application/json',
        'Authorization': 'Bearer linh-1752464641053-phonefarm'
      },
      data: {
        model: 'text-model',
        messages: [
          { role: 'system', content: "You are a social media user. Create ONE natural comment only. Rules:\n- Write ONLY the comment, nothing else\n- No quotes, brackets, or explanations\n- Be genuine and conversational\n- 1-2 sentences maximum\n- Match the language of the post\n- No formatting like *asterisks* or _underscores_" },
          { role: 'user', content: userPrompt }
        ],
        temperature: 0.8,
        max_tokens: 150
      }
    };
  
    try {
      console.log('Calling Roxane AI (social_commenter mode)...');
      const response = await axios(requestConfig);
      let aiText = response.data.choices[0].message.content;
      
      // Clean the response
      aiText = aiText.trim();
      // Remove quotes if present
      aiText = aiText.replace(/^["']|["']$/g, '');
      // Remove common prefixes
      aiText = aiText.replace(/^(Comment:|Answer:|Response:|Here is|Here's)\s*/i, '');
      // Remove markdown formatting
      aiText = aiText.replace(/\*\*(.*?)\*\*/g, '$1');
      aiText = aiText.replace(/__(.*?)__/g, '$1');
      aiText = aiText.replace(/\*(.*?)\*/g, '$1');
      aiText = aiText.replace(/_(.*?)_/g, '$1');
      
      console.log('AI Response:', aiText);
      return aiText;
    } catch (error) {
      console.error('Roxane AI Request failed:', error.message);
      if (error.response) {
        console.error('Error details:', error.response.data);
      }
      throw error;
    }
  })();
  console.log('AI response stored in: aiResponse');
  console.log("aiResponse:", aiResponse);

[2025-09-16 03:39:37] Executing automation script
[2025-09-16 03:39:37] [profile-2] Script requesting module: puppeteer
[2025-09-16 03:39:37] [profile-2] Script requesting module: #act
[2025-09-16 03:39:37] [profile-2] Returning pre-loaded #act module, keys: ["checkElement","click","demo","elementExists","getAttribute","getAttributes","getElement","getElements","getText","getValue","pause","scrollToElement","scrollToEndOfPage","scrollToHomeOfPage","select","type","waitForElement","waitForNavigation","waitForTrueElement"]
[2025-09-16 03:39:42] [profile-2] Click: //*[@id="__next"]/div[1]/div[1]/div[2]/div/div/div[1]/div[1]/ol/li[1]/div[2]/article/div/h4/a
[2025-09-16 03:39:42] [profile-2] Page title: Tinhte.vn - MXH Hỏi đáp, Review, Thông tin công nghệ
[2025-09-16 03:39:43] [profile-2] Pause in 500 milliseconds...
[2025-09-16 03:39:43] [profile-2] ✅ Clicked element: //*[@id="__next"]/div[1]/div[1]/div[2]/div/div/div[1]/div[1]/ol/li[1]/div[2]/article/div/h4/a
[2025-09-16 03:39:43] [profile-2] 📝 Get Text: "//*[@id="__next"]/div[1]/div/div[2]/div[2]/div[1]/div/div/div[1]/main/article/div/div/div[1]/div[1]/span[1]" (attempt 1/3)
[2025-09-16 03:39:48] [profile-2] ✅ Extracted text: "Năm 1994, Tissot ra mắt Ballade. Thiết kế mang tính cổ điển kết hợp với những đường nét cách tân phù..."
[2025-09-16 03:39:48] [profile-2] Extracted text into 'extractedData': Năm 1994, Tissot ra mắt Ballade. Thiết kế mang tính cổ điển kết hợp với những đường nét cách tân phù hợp với thời đại lúc bấy giờ. Hai phiên bản dành cho cả nam lẫn nữ kết hợp hai tông màu thép và vàng, với viền bezel khía rãnh cùng cọc số nổi bật hẳn so với mặt số đơn giản, dễ xem giờ.
[2025-09-16 03:39:48] [profile-2] Assigned 'processedData': Năm 1994, Tissot ra mắt Ballade. Thiết kế mang tính cổ điển kết hợp với những đường nét cách tân phù hợp với thời đại lúc bấy giờ. Hai phiên bản dành cho cả nam lẫn nữ kết hợp hai tông màu thép và vàng, với viền bezel khía rãnh cùng cọc số nổi bật hẳn so với mặt số đơn giản, dễ xem giờ.
[2025-09-16 03:39:48] [profile-2] Calling Roxane AI (social_commenter mode)...
[2025-09-16 03:39:50] [profile-2] AI Response: Nghe thú vị đấy! Thiết kế này có vẻ rất thanh lịch và hợp thời.
[2025-09-16 03:39:50] [profile-2] aiResponse: Nghe thú vị đấy! Thiết kế này có vẻ rất thanh lịch và hợp thời.
[2025-09-16 03:39:50] Script execution completed successfully
[2025-09-16 03:39:50] [profile-2] AI response stored in: aiResponse
[2025-09-16 03:43:23] [profile-2] Using task directory: /Users/mac/Desktop/Worker/Worker/storage/local/2/local
[2025-09-16 03:43:23] [profile-2] Original script (first 200 chars):
[2025-09-16 03:43:23] [profile-2] import puppeteer from "puppeteer";
import * as act from "#act";
await page.goto("https://tinhte.vn/");
  console.log("Page title:", await page.title());
  await act.click(page, "//*[@id=\"__next\"]/di
[2025-09-16 03:43:23] [profile-2] Script imports converted to require statements
[2025-09-16 03:43:23] Pre-loading ES6 modules...
[2025-09-16 03:43:23] ES6 modules loading completed
[2025-09-16 03:43:23] [profile-2] Processed Script:....
[2025-09-16 03:43:23] [profile-2] try { config = JSON.parse(config); } catch (e) { }
const puppeteer = require("puppeteer");
const act = require("#act");
await page.goto("https://tinhte.vn/");
  console.log("Page title:", await page.title());
  await act.click(page, "//*[@id=\"__next\"]/div[1]/div[1]/div[2]/div/div/div[1]/div[1]/ol/li[1]/div[2]/article/div/h4/a", 0);
  // Extract text content from element
  const extractedData = await act.getText(page, "//*[@id=\"__next\"]/div[1]/div/div[2]/div[2]/div[1]/div/div/div[1]/main/article/div/div/div[1]/div[1]/span[1]");
  console.log("Extracted text into 'extractedData':", extractedData);
  // Assign variable from extractedData to processedData
  const processedData = extractedData;
  console.log("Assigned 'processedData':", processedData);
  // AI Assistant (assistant) - Using Roxane API
  const aiResponse = await (async () => {
    const axios = (await import('axios')).default;
  
    const requestConfig = {
      method: 'POST',
      url: 'https://llmapi.roxane.one/v1/chat/completions',
      headers: {
        'Content-Type': 'application/json',
        'Authorization': 'Bearer linh-1752464641053-phonefarm'
      },
      data: {
        model: 'text-model',
        messages: [
          { role: 'system', content: "You are a helpful assistant. Answer directly and concisely. No explanations or formatting unless asked." },
          { role: 'user', content: "viết 5 lần câu xin chào " }
        ],
        temperature: 0.8,
        max_tokens: 150
      }
    };
  
    try {
      console.log('Calling Roxane AI (assistant mode)...');
      const response = await axios(requestConfig);
      let aiText = response.data.choices[0].message.content;
      
      // Clean the response
      aiText = aiText.trim();
      // Remove quotes if present
      aiText = aiText.replace(/^["']|["']$/g, '');
      // Remove common prefixes
      aiText = aiText.replace(/^(Comment:|Answer:|Response:|Here is|Here's)\s*/i, '');
      // Remove markdown formatting
      aiText = aiText.replace(/\*\*(.*?)\*\*/g, '$1');
      aiText = aiText.replace(/__(.*?)__/g, '$1');
      aiText = aiText.replace(/\*(.*?)\*/g, '$1');
      aiText = aiText.replace(/_(.*?)_/g, '$1');
      
      console.log('AI Response:', aiText);
      return aiText;
    } catch (error) {
      console.error('Roxane AI Request failed:', error.message);
      if (error.response) {
        console.error('Error details:', error.response.data);
      }
      throw error;
    }
  })();
  console.log('AI response stored in: aiResponse');
  console.log("aiResponse:", aiResponse);

[2025-09-16 03:43:23] Executing automation script
[2025-09-16 03:43:23] [profile-2] Script requesting module: puppeteer
[2025-09-16 03:43:23] [profile-2] Returning pre-loaded #act module, keys: ["checkElement","click","demo","elementExists","getAttribute","getAttributes","getElement","getElements","getText","getValue","pause","scrollToElement","scrollToEndOfPage","scrollToHomeOfPage","select","type","waitForElement","waitForNavigation","waitForTrueElement"]
[2025-09-16 03:43:23] [profile-2] Script requesting module: #act
[2025-09-16 03:43:28] [profile-2] Page title: Tinhte.vn - MXH Hỏi đáp, Review, Thông tin công nghệ
[2025-09-16 03:43:28] [profile-2] Click: //*[@id="__next"]/div[1]/div[1]/div[2]/div/div/div[1]/div[1]/ol/li[1]/div[2]/article/div/h4/a
[2025-09-16 03:43:28] [profile-2] Pause in 500 milliseconds...
[2025-09-16 03:43:29] [profile-2] ✅ Clicked element: //*[@id="__next"]/div[1]/div[1]/div[2]/div/div/div[1]/div[1]/ol/li[1]/div[2]/article/div/h4/a
[2025-09-16 03:43:29] [profile-2] 📝 Get Text: "//*[@id="__next"]/div[1]/div/div[2]/div[2]/div[1]/div/div/div[1]/main/article/div/div/div[1]/div[1]/span[1]" (attempt 1/3)
[2025-09-16 03:43:34] [profile-2] ✅ Extracted text: "Năm 1994, Tissot ra mắt Ballade. Thiết kế mang tính cổ điển kết hợp với những đường nét cách tân phù..."
[2025-09-16 03:43:34] [profile-2] Extracted text into 'extractedData': Năm 1994, Tissot ra mắt Ballade. Thiết kế mang tính cổ điển kết hợp với những đường nét cách tân phù hợp với thời đại lúc bấy giờ. Hai phiên bản dành cho cả nam lẫn nữ kết hợp hai tông màu thép và vàng, với viền bezel khía rãnh cùng cọc số nổi bật hẳn so với mặt số đơn giản, dễ xem giờ.
[2025-09-16 03:43:34] [profile-2] Assigned 'processedData': Năm 1994, Tissot ra mắt Ballade. Thiết kế mang tính cổ điển kết hợp với những đường nét cách tân phù hợp với thời đại lúc bấy giờ. Hai phiên bản dành cho cả nam lẫn nữ kết hợp hai tông màu thép và vàng, với viền bezel khía rãnh cùng cọc số nổi bật hẳn so với mặt số đơn giản, dễ xem giờ.
[2025-09-16 03:43:34] [profile-2] Calling Roxane AI (assistant mode)...
[2025-09-16 03:43:36] [profile-2] AI Response: Chào bạn!
Chào bạn!
Chào bạn!
Chào bạn!
Chào bạn!
[2025-09-16 03:43:36] [profile-2] AI response stored in: aiResponse
[2025-09-16 03:43:36] [profile-2] aiResponse: Chào bạn!
Chào bạn!
Chào bạn!
Chào bạn!
Chào bạn!
[2025-09-16 03:43:36] Script execution completed successfully
[2025-09-16 04:12:33] [profile-2] Using task directory: /Users/mac/Desktop/Worker/Worker/storage/local/2/local
[2025-09-16 04:12:33] [profile-2] Original script (first 200 chars):
[2025-09-16 04:12:33] [profile-2] import puppeteer from "puppeteer";
import * as act from "#act";
await page.goto("https://tinhte.vn/");
  console.log("Page title:", await page.title());
  await act.click(page, "//*[@id=\"__next\"]/di
[2025-09-16 04:12:33] Pre-loading ES6 modules...
[2025-09-16 04:12:33] [profile-2] Script imports converted to require statements
[2025-09-16 04:12:34] ES6 modules loading completed
[2025-09-16 04:12:34] [profile-2] Processed Script:....
[2025-09-16 04:12:34] [profile-2] try { config = JSON.parse(config); } catch (e) { }
const puppeteer = require("puppeteer");
const act = require("#act");
await page.goto("https://tinhte.vn/");
  console.log("Page title:", await page.title());
  await act.click(page, "//*[@id=\"__next\"]/div[1]/div[1]/div[2]/div/div/div[1]/div[1]/ol/li[1]/div[2]/article/div/h4/a", 0);
  // Extract text content from element
  const extractedData = await act.getText(page, "//*[@id=\"__next\"]/div[1]/div/div[2]/div[2]/div[1]/div/div/div[1]/main/article/div/div/div[1]/div[1]/span[1]");
  console.log("Extracted text into 'extractedData':", extractedData);
  // Assign variable from extractedData to processedData
  const processedData = extractedData;
  console.log("Assigned 'processedData':", processedData);
  for (let i = 0; i < 2; i++) {
    console.log("Loop iteration:", i + 1);
  // AI Assistant (assistant) - Using Roxane API
  const aiResponse = await (async () => {
    const axios = (await import('axios')).default;
  
    const requestConfig = {
      method: 'POST',
      url: 'https://llmapi.roxane.one/v1/chat/completions',
      headers: {
        'Content-Type': 'application/json',
        'Authorization': 'Bearer linh-1752464641053-phonefarm'
      },
      data: {
        model: 'text-model',
        messages: [
          { role: 'system', content: "You are a helpful assistant. Answer directly and concisely. No explanations or formatting unless asked." },
          { role: 'user', content: "viết 5 lần câu xin chào " }
        ],
        temperature: 0.8,
        max_tokens: 150
      }
    };
  
    try {
      console.log('Calling Roxane AI (assistant mode)...');
      const response = await axios(requestConfig);
      let aiText = response.data.choices[0].message.content;
      
      // Clean the response
      aiText = aiText.trim();
      // Remove quotes if present
      aiText = aiText.replace(/^["']|["']$/g, '');
      // Remove common prefixes
      aiText = aiText.replace(/^(Comment:|Answer:|Response:|Here is|Here's)\s*/i, '');
      // Remove markdown formatting
      aiText = aiText.replace(/\*\*(.*?)\*\*/g, '$1');
      aiText = aiText.replace(/__(.*?)__/g, '$1');
      aiText = aiText.replace(/\*(.*?)\*/g, '$1');
      aiText = aiText.replace(/_(.*?)_/g, '$1');
      
      console.log('AI Response:', aiText);
      return aiText;
    } catch (error) {
      console.error('Roxane AI Request failed:', error.message);
      if (error.response) {
        console.error('Error details:', error.response.data);
      }
      throw error;
    }
  })();
  console.log('AI response stored in: aiResponse');
  console.log("aiResponse:", aiResponse);
  }

[2025-09-16 04:12:34] Executing automation script
[2025-09-16 04:12:34] [profile-2] Script requesting module: puppeteer
[2025-09-16 04:12:34] [profile-2] Script requesting module: #act
[2025-09-16 04:12:34] [profile-2] Returning pre-loaded #act module, keys: ["checkElement","click","demo","elementExists","getAttribute","getAttributes","getElement","getElements","getText","getValue","pause","scrollToElement","scrollToEndOfPage","scrollToHomeOfPage","select","type","waitForElement","waitForNavigation","waitForTrueElement"]
[2025-09-16 04:12:39] [profile-2] Page title: Tinhte.vn - MXH Hỏi đáp, Review, Thông tin công nghệ
[2025-09-16 04:12:39] [profile-2] Click: //*[@id="__next"]/div[1]/div[1]/div[2]/div/div/div[1]/div[1]/ol/li[1]/div[2]/article/div/h4/a
[2025-09-16 04:12:40] [profile-2] Pause in 500 milliseconds...
[2025-09-16 04:12:40] [profile-2] ✅ Clicked element: //*[@id="__next"]/div[1]/div[1]/div[2]/div/div/div[1]/div[1]/ol/li[1]/div[2]/article/div/h4/a
[2025-09-16 04:12:40] [profile-2] 📝 Get Text: "//*[@id="__next"]/div[1]/div/div[2]/div[2]/div[1]/div/div/div[1]/main/article/div/div/div[1]/div[1]/span[1]" (attempt 1/3)
[2025-09-16 04:12:45] [profile-2] ✅ Extracted text: "Sau hơn 1 thập kỷ, giao thức Thunderbolt 5 ra đời nhằm giải quyết các bài toán kết nối ngày càng phứ..."
[2025-09-16 04:12:45] [profile-2] Assigned 'processedData': Sau hơn 1 thập kỷ, giao thức Thunderbolt 5 ra đời nhằm giải quyết các bài toán kết nối ngày càng phức tạp. Hành trình tới Thunderbolt 5 cho thấy chiến lược dài hạn, chuyển đổi từ 1 công nghệ hiệu năng cao nhưng kén người dùng, sang 1 chuẩn mực được chấp nhận rộng rãi. Với Thunderbolt 5, người dùng chỉ cần 1 cổng kết nối duy nhất để có thể tận dụng được khả năng và hiệu năng cao nhất ở nhiều khía cạnh, không chỉ đơn thuần là truyền tải dữ liệu.
[2025-09-16 04:12:45] [profile-2] Extracted text into 'extractedData': Sau hơn 1 thập kỷ, giao thức Thunderbolt 5 ra đời nhằm giải quyết các bài toán kết nối ngày càng phức tạp. Hành trình tới Thunderbolt 5 cho thấy chiến lược dài hạn, chuyển đổi từ 1 công nghệ hiệu năng cao nhưng kén người dùng, sang 1 chuẩn mực được chấp nhận rộng rãi. Với Thunderbolt 5, người dùng chỉ cần 1 cổng kết nối duy nhất để có thể tận dụng được khả năng và hiệu năng cao nhất ở nhiều khía cạnh, không chỉ đơn thuần là truyền tải dữ liệu.
[2025-09-16 04:12:45] [profile-2] Loop iteration: 1
[2025-09-16 04:12:45] [profile-2] Calling Roxane AI (assistant mode)...
[2025-09-16 04:12:50] [profile-2] AI Response: 1. Xin chào!
2. Xin chào!
3. Xin chào!
4. Xin chào!
5. Xin chào!
[2025-09-16 04:12:50] [profile-2] AI response stored in: aiResponse
[2025-09-16 04:12:50] [profile-2] aiResponse: 1. Xin chào!
2. Xin chào!
3. Xin chào!
4. Xin chào!
5. Xin chào!
[2025-09-16 04:12:50] [profile-2] Loop iteration: 2
[2025-09-16 04:12:50] [profile-2] Calling Roxane AI (assistant mode)...
[2025-09-16 04:12:51] [profile-2] AI Response: Chào bạn!
Chào bạn!
Chào bạn!
Chào bạn!
Chào bạn!
[2025-09-16 04:12:51] Script execution completed successfully
[2025-09-16 04:12:51] [profile-2] AI response stored in: aiResponse
[2025-09-16 04:12:51] [profile-2] aiResponse: Chào bạn!
Chào bạn!
Chào bạn!
Chào bạn!
Chào bạn!
